# JRE version: OpenJDK Runtime Environment (11.0.10) (build 11.0.10+0-b96-7249189)
# Java VM: OpenJDK 64-Bit Server VM (11.0.10+0-b96-7249189, mixed mode, tiered, compressed oops, g1 gc, windows-amd64)
Heap:
 garbage-first heap   total 250880K, used 197854K [0x0000000080000000, 0x0000000100000000)
  region size 1024K, 49 young (50176K), 2 survivors (2048K)
 Metaspace       used 107855K, capacity 111064K, committed 111232K, reserved 1144832K
  class space    used 14153K, capacity 15390K, committed 15488K, reserved 1048576K
GC Heap History (20 events):
Event: 33.521 GC heap before
{Heap before GC invocations=68 (full 0):
 garbage-first heap   total 120832K, used 105170K [0x0000000080000000, 0x0000000100000000)
  region size 1024K, 13 young (13312K), 2 survivors (2048K)
 Metaspace       used 92761K, capacity 94887K, committed 94976K, reserved 1132544K
  class space    used 11954K, capacity 12748K, committed 12800K, reserved 1048576K
}
Event: 33.527 GC heap after
{Heap after GC invocations=69 (full 0):
 garbage-first heap   total 120832K, used 96328K [0x0000000080000000, 0x0000000100000000)
  region size 1024K, 2 young (2048K), 2 survivors (2048K)
 Metaspace       used 92761K, capacity 94887K, committed 94976K, reserved 1132544K
  class space    used 11954K, capacity 12748K, committed 12800K, reserved 1048576K
}
Event: 33.795 GC heap before
{Heap before GC invocations=70 (full 0):
 garbage-first heap   total 120832K, used 104520K [0x0000000080000000, 0x0000000100000000)
  region size 1024K, 10 young (10240K), 2 survivors (2048K)
 Metaspace       used 94379K, capacity 96648K, committed 96768K, reserved 1132544K
  class space    used 12205K, capacity 13051K, committed 13056K, reserved 1048576K
}
Event: 33.801 GC heap after
{Heap after GC invocations=71 (full 0):
 garbage-first heap   total 145408K, used 97395K [0x0000000080000000, 0x0000000100000000)
  region size 1024K, 2 young (2048K), 2 survivors (2048K)
 Metaspace       used 94379K, capacity 96648K, committed 96768K, reserved 1132544K
  class space    used 12205K, capacity 13051K, committed 13056K, reserved 1048576K
}
Event: 33.982 GC heap before
{Heap before GC invocations=71 (full 0):
 garbage-first heap   total 145408K, used 114803K [0x0000000080000000, 0x0000000100000000)
  region size 1024K, 20 young (20480K), 2 survivors (2048K)
 Metaspace       used 95615K, capacity 97979K, committed 98048K, reserved 1134592K
  class space    used 12390K, capacity 13260K, committed 13312K, reserved 1048576K
}
Event: 33.999 GC heap after
{Heap after GC invocations=72 (full 0):
 garbage-first heap   total 145408K, used 103140K [0x0000000080000000, 0x0000000100000000)
  region size 1024K, 3 young (3072K), 3 survivors (3072K)
 Metaspace       used 95615K, capacity 97979K, committed 98048K, reserved 1134592K
  class space    used 12390K, capacity 13260K, committed 13312K, reserved 1048576K
}
Event: 34.412 GC heap before
{Heap before GC invocations=73 (full 0):
 garbage-first heap   total 145408K, used 117476K [0x0000000080000000, 0x0000000100000000)
  region size 1024K, 18 young (18432K), 3 survivors (3072K)
 Metaspace       used 97238K, capacity 99706K, committed 99968K, reserved 1136640K
  class space    used 12639K, capacity 13581K, committed 13696K, reserved 1048576K
}
Event: 34.420 GC heap after
{Heap after GC invocations=74 (full 0):
 garbage-first heap   total 145408K, used 105535K [0x0000000080000000, 0x0000000100000000)
  region size 1024K, 3 young (3072K), 3 survivors (3072K)
 Metaspace       used 97238K, capacity 99706K, committed 99968K, reserved 1136640K
  class space    used 12639K, capacity 13581K, committed 13696K, reserved 1048576K
}
Event: 34.775 GC heap before
{Heap before GC invocations=74 (full 0):
 garbage-first heap   total 145408K, used 118847K [0x0000000080000000, 0x0000000100000000)
  region size 1024K, 17 young (17408K), 3 survivors (3072K)
 Metaspace       used 100212K, capacity 102924K, committed 103168K, reserved 1138688K
  class space    used 13193K, capacity 14252K, committed 14336K, reserved 1048576K
}
Event: 34.781 GC heap after
{Heap after GC invocations=75 (full 0):
 garbage-first heap   total 145408K, used 106688K [0x0000000080000000, 0x0000000100000000)
  region size 1024K, 2 young (2048K), 2 survivors (2048K)
 Metaspace       used 100212K, capacity 102924K, committed 103168K, reserved 1138688K
  class space    used 13193K, capacity 14252K, committed 14336K, reserved 1048576K
}
Event: 35.029 GC heap before
{Heap before GC invocations=75 (full 0):
 garbage-first heap   total 145408K, used 121024K [0x0000000080000000, 0x0000000100000000)
  region size 1024K, 16 young (16384K), 2 survivors (2048K)
 Metaspace       used 100928K, capacity 103600K, committed 104064K, reserved 1138688K
  class space    used 13252K, capacity 14290K, committed 14464K, reserved 1048576K
}
Event: 35.038 GC heap after
{Heap after GC invocations=76 (full 0):
 garbage-first heap   total 208896K, used 107046K [0x0000000080000000, 0x0000000100000000)
  region size 1024K, 2 young (2048K), 2 survivors (2048K)
 Metaspace       used 100928K, capacity 103600K, committed 104064K, reserved 1138688K
  class space    used 13252K, capacity 14290K, committed 14464K, reserved 1048576K
}
Event: 35.557 GC heap before
{Heap before GC invocations=77 (full 0):
 garbage-first heap   total 208896K, used 148006K [0x0000000080000000, 0x0000000100000000)
  region size 1024K, 43 young (44032K), 2 survivors (2048K)
 Metaspace       used 103027K, capacity 106104K, committed 106240K, reserved 1140736K
  class space    used 13533K, capacity 14740K, committed 14848K, reserved 1048576K
}
Event: 35.563 GC heap after
{Heap after GC invocations=78 (full 0):
 garbage-first heap   total 208896K, used 107904K [0x0000000080000000, 0x0000000100000000)
  region size 1024K, 3 young (3072K), 3 survivors (3072K)
 Metaspace       used 103027K, capacity 106104K, committed 106240K, reserved 1140736K
  class space    used 13533K, capacity 14740K, committed 14848K, reserved 1048576K
}
Event: 35.771 GC heap before
{Heap before GC invocations=78 (full 0):
 garbage-first heap   total 208896K, used 121216K [0x0000000080000000, 0x0000000100000000)
  region size 1024K, 18 young (18432K), 3 survivors (3072K)
 Metaspace       used 103150K, capacity 106178K, committed 106496K, reserved 1140736K
  class space    used 13535K, capacity 14740K, committed 14848K, reserved 1048576K
}
Event: 35.776 GC heap after
{Heap after GC invocations=79 (full 0):
 garbage-first heap   total 208896K, used 109463K [0x0000000080000000, 0x0000000100000000)
  region size 1024K, 4 young (4096K), 4 survivors (4096K)
 Metaspace       used 103150K, capacity 106178K, committed 106496K, reserved 1140736K
  class space    used 13535K, capacity 14740K, committed 14848K, reserved 1048576K
}
Event: 36.681 GC heap before
{Heap before GC invocations=80 (full 0):
 garbage-first heap   total 208896K, used 158615K [0x0000000080000000, 0x0000000100000000)
  region size 1024K, 51 young (52224K), 4 survivors (4096K)
 Metaspace       used 104771K, capacity 107813K, committed 108032K, reserved 1142784K
  class space    used 13785K, capacity 14970K, committed 15104K, reserved 1048576K
}
Event: 36.693 GC heap after
{Heap after GC invocations=81 (full 0):
 garbage-first heap   total 208896K, used 114067K [0x0000000080000000, 0x0000000100000000)
  region size 1024K, 7 young (7168K), 7 survivors (7168K)
 Metaspace       used 104771K, capacity 107813K, committed 108032K, reserved 1142784K
  class space    used 13785K, capacity 14970K, committed 15104K, reserved 1048576K
}
Event: 36.834 GC heap before
{Heap before GC invocations=81 (full 0):
 garbage-first heap   total 208896K, used 116115K [0x0000000080000000, 0x0000000100000000)
  region size 1024K, 11 young (11264K), 7 survivors (7168K)
 Metaspace       used 104780K, capacity 107814K, committed 108032K, reserved 1142784K
  class space    used 13785K, capacity 14970K, committed 15104K, reserved 1048576K
}
Event: 36.847 GC heap after
{Heap after GC invocations=82 (full 0):
 garbage-first heap   total 250880K, used 115934K [0x0000000080000000, 0x0000000100000000)
  region size 1024K, 2 young (2048K), 2 survivors (2048K)
 Metaspace       used 104780K, capacity 107814K, committed 108032K, reserved 1142784K
  class space    used 13785K, capacity 14970K, committed 15104K, reserved 1048576K
}

